{"time":"2024-08-12T23:13:14.323347627+05:00","level":"ERROR","msg":"Databazadan ma'lumotlarni olishda xatolik: pq: column \"password\" of relation \"users\" does not exist"}
{"time":"2024-08-12T23:13:14.323429715+05:00","level":"ERROR","msg":"Service bilan ma'lumot almashinishda xatolik: pq: column \"password\" of relation \"users\" does not exist"}
{"time":"2024-08-12T23:15:51.985399767+05:00","level":"ERROR","msg":"Databazadan ma'lumotlarni olishda xatolik: pq: column \"password\" of relation \"users\" does not exist"}
{"time":"2024-08-12T23:15:51.98543611+05:00","level":"ERROR","msg":"Service bilan ma'lumot almashinishda xatolik: pq: column \"password\" of relation \"users\" does not exist"}
{"time":"2024-08-12T23:19:37.078170738+05:00","level":"ERROR","msg":"Bunday emailli foydalanuvchi mavjud emas: pq: column \"full_name\" does not exist"}
{"time":"2024-08-12T23:20:27.44458349+05:00","level":"ERROR","msg":"Bunday emailli foydalanuvchi mavjud emas: pq: column \"birth_day\" does not exist"}
{"time":"2024-08-12T23:21:28.101549186+05:00","level":"ERROR","msg":"Bunday emailli foydalanuvchi mavjud emas: pq: column \"role\" does not exist"}
{"time":"2024-08-12T23:24:02.614226051+05:00","level":"ERROR","msg":"Bunday emailli foydalanuvchi mavjud emas: sql: no rows in result set"}
{"time":"2024-08-12T23:24:37.347361149+05:00","level":"ERROR","msg":"Databazadan ma'lumotlarni olishda xatolik: pq: duplicate key value violates unique constraint \"users_email_key\""}
{"time":"2024-08-12T23:24:37.34738022+05:00","level":"ERROR","msg":"Service bilan ma'lumot almashinishda xatolik: pq: duplicate key value violates unique constraint \"users_email_key\""}
{"time":"2024-08-12T23:24:52.694969136+05:00","level":"ERROR","msg":"Bunday emailli foydalanuvchi mavjud emas: sql: Scan error on column index 3, name \"date_of_birth\": converting NULL to string is unsupported"}
{"time":"2024-08-12T23:26:22.495544463+05:00","level":"ERROR","msg":"Bunday emailli foydalanuvchi mavjud emas: sql: Scan error on column index 3, name \"date_of_birth\": converting NULL to string is unsupported"}
{"time":"2024-08-12T23:27:28.268581235+05:00","level":"ERROR","msg":"Access token generatsiya qilinmadi: key is of invalid type"}
{"time":"2024-08-12T23:37:55.72147081+05:00","level":"ERROR","msg":"Access token generatsiya qilinmadi: key is of invalid type"}
{"time":"2024-08-12T23:42:39.284101097+05:00","level":"ERROR","msg":"Token datatbazaga saqlanmadi: pq: column \"resfresh_token\" of relation \"refresh_table\" does not exist"}
{"time":"2024-08-12T23:44:35.086473114+05:00","level":"ERROR","msg":"Token datatbazaga saqlanmadi: pq: duplicate key value violates unique constraint \"refresh_table_pkey\""}
{"time":"2024-08-12T23:48:47.085517469+05:00","level":"ERROR","msg":"Databazadan ma'lumotlarni olishda xatolik: sql: Scan error on column index 3, name \"date_of_birth\": converting NULL to string is unsupported"}
{"time":"2024-08-13T12:14:34.739809026+05:00","level":"ERROR","msg":"Databazadan ma'lumotlarni olishda xatolik: pq: date/time field value out of range: \"2014-14-03\""}
{"time":"2024-08-14T11:17:30.789086745+05:00","level":"ERROR","msg":"Databazadan token o'chirilmadi: pq: relation \"refresh_token\" does not exist"}
{"time":"2024-08-14T11:19:08.489042308+05:00","level":"ERROR","msg":"Token blocklistga qo'shilmadi: dial tcp: lookup l-redis on 127.0.0.53:53: server misbehaving"}
